\BOOKMARK [0][-]{chapter.1}{\376\377\0001\000\040\000M\000a\000i\000n\000\040\000P\000a\000g\000e}{}% 1
\BOOKMARK [1][-]{section.1.1}{\376\377\0001\000.\0001\000\040\000W\000e\000l\000c\000o\000m\000e}{chapter.1}% 2
\BOOKMARK [1][-]{section.1.2}{\376\377\0001\000.\0002\000\040\000S\000h\000o\000r\000t\000\040\000e\000x\000a\000m\000p\000l\000e}{chapter.1}% 3
\BOOKMARK [2][-]{subsection.1.2.1}{\376\377\0001\000.\0002\000.\0001\000\040\000I\000m\000p\000l\000e\000m\000e\000n\000t\000i\000n\000g\000\040\000D\000u\000a\000l\000S\000t\000a\000t\000e\000F\000r\000a\000m\000e\000w\000o\000r\000k}{section.1.2}% 4
\BOOKMARK [2][-]{subsection.1.2.2}{\376\377\0001\000.\0002\000.\0002\000\040\000I\000m\000p\000l\000e\000m\000e\000n\000t\000i\000n\000g\000\040\000d\000s\000f\000:\000:\000S\000y\000n\000c\000h\000r\000o\000n\000i\000z\000e\000d\000O\000b\000j\000e\000c\000t}{section.1.2}% 5
\BOOKMARK [2][-]{subsection.1.2.3}{\376\377\0001\000.\0002\000.\0003\000\040\000C\000r\000e\000a\000t\000i\000n\000g\000\040\000a\000\040\000m\000a\000n\000a\000g\000e\000r\000\040\000c\000l\000a\000s\000s}{section.1.2}% 6
\BOOKMARK [2][-]{subsection.1.2.4}{\376\377\0001\000.\0002\000.\0004\000\040\000R\000u\000n\000n\000i\000n\000g\000\040\000D\000S\000F}{section.1.2}% 7
\BOOKMARK [0][-]{chapter.2}{\376\377\0002\000\040\000M\000a\000c\000\040\000o\000s\000\040\000X}{}% 8
\BOOKMARK [1][-]{section.2.1}{\376\377\0002\000.\0001\000\040\000I\000n\000s\000t\000a\000l\000l\000\040\000D\000e\000p\000e\000n\000d\000e\000n\000c\000i\000e\000s}{chapter.2}% 9
\BOOKMARK [2][-]{subsection.2.1.1}{\376\377\0002\000.\0001\000.\0001\000\040\000y\000c\000t\000o\000o\000l\000s}{section.2.1}% 10
\BOOKMARK [2][-]{subsection.2.1.2}{\376\377\0002\000.\0001\000.\0002\000\040\000I\000n\000t\000e\000l\000\040\000t\000b\000b}{section.2.1}% 11
\BOOKMARK [1][-]{section.2.2}{\376\377\0002\000.\0002\000\040\000I\000n\000s\000t\000a\000l\000l\000\040\000D\000u\000a\000l\000\040\000S\000t\000a\000t\000e\000\040\000F\000r\000a\000m\000e\000w\000o\000r\000k}{chapter.2}% 12
\BOOKMARK [1][-]{section.2.3}{\376\377\0002\000.\0003\000\040\000U\000s\000e\000\040\000D\000S\000F\000\040\000i\000n\000\040\000X\000c\000o\000d\000e}{chapter.2}% 13
\BOOKMARK [0][-]{chapter.3}{\376\377\0003\000\040\000M\000i\000c\000r\000o\000s\000o\000f\000t\000\040\000W\000i\000n\000d\000o\000w\000s}{}% 14
\BOOKMARK [1][-]{section.3.1}{\376\377\0003\000.\0001\000\040\000I\000n\000s\000t\000a\000l\000l\000\040\000D\000e\000p\000e\000n\000d\000e\000n\000c\000i\000e\000s}{chapter.3}% 15
\BOOKMARK [2][-]{subsection.3.1.1}{\376\377\0003\000.\0001\000.\0001\000\040\000y\000c\000t\000o\000o\000l\000s}{section.3.1}% 16
\BOOKMARK [2][-]{subsection.3.1.2}{\376\377\0003\000.\0001\000.\0002\000\040\000I\000n\000t\000e\000l\000\040\000t\000b\000b}{section.3.1}% 17
\BOOKMARK [1][-]{section.3.2}{\376\377\0003\000.\0002\000\040\000I\000n\000s\000t\000a\000l\000l\000\040\000D\000u\000a\000l\000\040\000S\000t\000a\000t\000e\000\040\000F\000r\000a\000m\000e\000w\000o\000r\000k}{chapter.3}% 18
\BOOKMARK [1][-]{section.3.3}{\376\377\0003\000.\0003\000\040\000U\000s\000e\000\040\000D\000S\000F\000\040\000i\000n\000\040\000V\000i\000s\000u\000a\000l\000\040\000S\000t\000u\000d\000i\000o}{chapter.3}% 19
\BOOKMARK [2][-]{subsection.3.3.1}{\376\377\0003\000.\0003\000.\0001\000\040\000A\000d\000d\000\040\000a\000d\000d\000i\000t\000i\000o\000n\000a\000l\000\040\000h\000e\000a\000d\000e\000r\000\040\000p\000a\000t\000h}{section.3.3}% 20
\BOOKMARK [2][-]{subsection.3.3.2}{\376\377\0003\000.\0003\000.\0002\000\040\000A\000d\000d\000\040\000D\000e\000p\000e\000n\000d\000e\000n\000c\000i\000e\000s}{section.3.3}% 21
\BOOKMARK [0][-]{chapter.4}{\376\377\0004\000\040\000L\000i\000n\000u\000x}{}% 22
\BOOKMARK [1][-]{section.4.1}{\376\377\0004\000.\0001\000\040\000I\000n\000s\000t\000a\000l\000l\000\040\000D\000e\000p\000e\000n\000d\000e\000n\000c\000i\000e\000s}{chapter.4}% 23
\BOOKMARK [2][-]{subsection.4.1.1}{\376\377\0004\000.\0001\000.\0001\000\040\000y\000c\000t\000o\000o\000l\000s}{section.4.1}% 24
\BOOKMARK [2][-]{subsection.4.1.2}{\376\377\0004\000.\0001\000.\0002\000\040\000I\000n\000t\000e\000l\000\040\000t\000b\000b}{section.4.1}% 25
\BOOKMARK [1][-]{section.4.2}{\376\377\0004\000.\0002\000\040\000I\000n\000s\000t\000a\000l\000l\000\040\000D\000u\000a\000l\000\040\000S\000t\000a\000t\000e\000\040\000F\000r\000a\000m\000e\000w\000o\000r\000k}{chapter.4}% 26
\BOOKMARK [0][-]{chapter.5}{\376\377\0005\000\040\000C\000o\000m\000p\000i\000l\000e\000\040\000s\000o\000u\000r\000c\000e\000\040\000c\000o\000d\000e}{}% 27
\BOOKMARK [1][-]{section.5.1}{\376\377\0005\000.\0001\000\040\000P\000r\000e\000-\000B\000u\000i\000l\000d}{chapter.5}% 28
\BOOKMARK [2][-]{subsection.5.1.1}{\376\377\0005\000.\0001\000.\0001\000\040\000G\000e\000t\000\040\000s\000o\000u\000r\000c\000e\000\040\000c\000o\000d\000e}{section.5.1}% 29
\BOOKMARK [2][-]{subsection.5.1.2}{\376\377\0005\000.\0001\000.\0002\000\040\000G\000e\000n\000e\000r\000a\000t\000e\000\040\000p\000r\000o\000j\000e\000c\000t\000\040\000f\000o\000r\000\040\000c\000o\000m\000p\000i\000l\000e\000r}{section.5.1}% 30
\BOOKMARK [1][-]{section.5.2}{\376\377\0005\000.\0002\000\040\000B\000u\000i\000l\000d\000\040\000t\000h\000e\000\040\000p\000r\000o\000j\000e\000c\000t}{chapter.5}% 31
\BOOKMARK [0][-]{chapter.6}{\376\377\0006\000\040\000N\000a\000m\000e\000s\000p\000a\000c\000e\000\040\000I\000n\000d\000e\000x}{}% 32
\BOOKMARK [1][-]{section.6.1}{\376\377\0006\000.\0001\000\040\000N\000a\000m\000e\000s\000p\000a\000c\000e\000\040\000L\000i\000s\000t}{chapter.6}% 33
\BOOKMARK [0][-]{chapter.7}{\376\377\0007\000\040\000H\000i\000e\000r\000a\000r\000c\000h\000i\000c\000a\000l\000\040\000I\000n\000d\000e\000x}{}% 34
\BOOKMARK [1][-]{section.7.1}{\376\377\0007\000.\0001\000\040\000C\000l\000a\000s\000s\000\040\000H\000i\000e\000r\000a\000r\000c\000h\000y}{chapter.7}% 35
\BOOKMARK [0][-]{chapter.8}{\376\377\0008\000\040\000C\000l\000a\000s\000s\000\040\000I\000n\000d\000e\000x}{}% 36
\BOOKMARK [1][-]{section.8.1}{\376\377\0008\000.\0001\000\040\000C\000l\000a\000s\000s\000\040\000L\000i\000s\000t}{chapter.8}% 37
\BOOKMARK [0][-]{chapter.9}{\376\377\0009\000\040\000N\000a\000m\000e\000s\000p\000a\000c\000e\000\040\000D\000o\000c\000u\000m\000e\000n\000t\000a\000t\000i\000o\000n}{}% 38
\BOOKMARK [1][-]{section.9.1}{\376\377\0009\000.\0001\000\040\000d\000s\000f\000\040\000N\000a\000m\000e\000s\000p\000a\000c\000e\000\040\000R\000e\000f\000e\000r\000e\000n\000c\000e}{chapter.9}% 39
\BOOKMARK [2][-]{subsection.9.1.1}{\376\377\0009\000.\0001\000.\0001\000\040\000T\000y\000p\000e\000d\000e\000f\000\040\000D\000o\000c\000u\000m\000e\000n\000t\000a\000t\000i\000o\000n}{section.9.1}% 40
\BOOKMARK [3][-]{subsubsection.9.1.1.1}{\376\377\0009\000.\0001\000.\0001\000.\0001\000\040\000f\000u\000n\000c\000t\000i\000o\000n}{subsection.9.1.1}% 41
\BOOKMARK [3][-]{subsubsection.9.1.1.2}{\376\377\0009\000.\0001\000.\0001\000.\0002\000\040\000T\000a\000s\000k\000A\000r\000g\000u\000m\000e\000n\000t}{subsection.9.1.1}% 42
\BOOKMARK [3][-]{subsubsection.9.1.1.3}{\376\377\0009\000.\0001\000.\0001\000.\0003\000\040\000T\000a\000s\000k\000A\000r\000g\000u\000m\000e\000n\000t\000E\000x\000c\000e\000p\000t\000i\000o\000n}{subsection.9.1.1}% 43
\BOOKMARK [3][-]{subsubsection.9.1.1.4}{\376\377\0009\000.\0001\000.\0001\000.\0004\000\040\000T\000a\000s\000k\000F\000u\000n\000c\000t\000i\000o\000n}{subsection.9.1.1}% 44
\BOOKMARK [2][-]{subsection.9.1.2}{\376\377\0009\000.\0001\000.\0002\000\040\000V\000a\000r\000i\000a\000b\000l\000e\000\040\000D\000o\000c\000u\000m\000e\000n\000t\000a\000t\000i\000o\000n}{section.9.1}% 45
\BOOKMARK [3][-]{subsubsection.9.1.2.1}{\376\377\0009\000.\0001\000.\0002\000.\0001\000\040\000D\000u\000a\000l\000S\000t\000a\000t\000e\000F\000r\000a\000m\000e\000w\000o\000r\000k}{subsection.9.1.2}% 46
\BOOKMARK [3][-]{subsubsection.9.1.2.2}{\376\377\0009\000.\0001\000.\0002\000.\0002\000\040\000S\000y\000n\000c\000h\000r\000o\000n\000i\000z\000e\000d\000O\000b\000j\000e\000c\000t}{subsection.9.1.2}% 47
\BOOKMARK [3][-]{subsubsection.9.1.2.3}{\376\377\0009\000.\0001\000.\0002\000.\0003\000\040\000T\000a\000s\000k}{subsection.9.1.2}% 48
\BOOKMARK [3][-]{subsubsection.9.1.2.4}{\376\377\0009\000.\0001\000.\0002\000.\0004\000\040\000T\000a\000s\000k\000B\000o\000x}{subsection.9.1.2}% 49
\BOOKMARK [0][-]{chapter.10}{\376\377\0001\0000\000\040\000C\000l\000a\000s\000s\000\040\000D\000o\000c\000u\000m\000e\000n\000t\000a\000t\000i\000o\000n}{}% 50
\BOOKMARK [1][-]{section.10.1}{\376\377\0001\0000\000.\0001\000\040\000d\000s\000f\000:\000:\000D\000u\000a\000l\000S\000t\000a\000t\000e\000F\000r\000a\000m\000e\000w\000o\000r\000k\000\040\000C\000l\000a\000s\000s\000\040\000R\000e\000f\000e\000r\000e\000n\000c\000e}{chapter.10}% 51
\BOOKMARK [2][-]{subsection.10.1.1}{\376\377\0001\0000\000.\0001\000.\0001\000\040\000D\000e\000t\000a\000i\000l\000e\000d\000\040\000D\000e\000s\000c\000r\000i\000p\000t\000i\000o\000n}{section.10.1}% 52
\BOOKMARK [2][-]{subsection.10.1.2}{\376\377\0001\0000\000.\0001\000.\0002\000\040\000E\000x\000a\000m\000p\000l\000e}{section.10.1}% 53
\BOOKMARK [2][-]{subsection.10.1.3}{\376\377\0001\0000\000.\0001\000.\0003\000\040\000C\000o\000n\000s\000t\000r\000u\000c\000t\000o\000r\000\040\000\046\000\040\000D\000e\000s\000t\000r\000u\000c\000t\000o\000r\000\040\000D\000o\000c\000u\000m\000e\000n\000t\000a\000t\000i\000o\000n}{section.10.1}% 54
\BOOKMARK [3][-]{subsubsection.10.1.3.1}{\376\377\0001\0000\000.\0001\000.\0003\000.\0001\000\040\000D\000u\000a\000l\000S\000t\000a\000t\000e\000F\000r\000a\000m\000e\000w\000o\000r\000k}{subsection.10.1.3}% 55
\BOOKMARK [3][-]{subsubsection.10.1.3.2}{\376\377\0001\0000\000.\0001\000.\0003\000.\0002\000\040\000D\000u\000a\000l\000S\000t\000a\000t\000e\000F\000r\000a\000m\000e\000w\000o\000r\000k}{subsection.10.1.3}% 56
\BOOKMARK [2][-]{subsection.10.1.4}{\376\377\0001\0000\000.\0001\000.\0004\000\040\000M\000e\000m\000b\000e\000r\000\040\000F\000u\000n\000c\000t\000i\000o\000n\000\040\000D\000o\000c\000u\000m\000e\000n\000t\000a\000t\000i\000o\000n}{section.10.1}% 57
\BOOKMARK [3][-]{subsubsection.10.1.4.1}{\376\377\0001\0000\000.\0001\000.\0004\000.\0001\000\040\000a\000d\000d}{subsection.10.1.4}% 58
\BOOKMARK [3][-]{subsubsection.10.1.4.2}{\376\377\0001\0000\000.\0001\000.\0004\000.\0002\000\040\000d\000o\000O\000n\000e\000F\000r\000a\000m\000e}{subsection.10.1.4}% 59
\BOOKMARK [3][-]{subsubsection.10.1.4.3}{\376\377\0001\0000\000.\0001\000.\0004\000.\0003\000\040\000g\000e\000t\000S\000t\000a\000t\000e}{subsection.10.1.4}% 60
\BOOKMARK [3][-]{subsubsection.10.1.4.4}{\376\377\0001\0000\000.\0001\000.\0004\000.\0004\000\040\000i\000n\000i\000t\000i\000a\000l\000i\000z\000e}{subsection.10.1.4}% 61
\BOOKMARK [2][-]{subsection.10.1.5}{\376\377\0001\0000\000.\0001\000.\0005\000\040\000E\000x\000a\000m\000p\000l\000e}{section.10.1}% 62
\BOOKMARK [3][-]{subsubsection.10.1.5.1}{\376\377\0001\0000\000.\0001\000.\0005\000.\0001\000\040\000r\000e\000f\000r\000e\000s\000h}{subsection.10.1.5}% 63
\BOOKMARK [3][-]{subsubsection.10.1.5.2}{\376\377\0001\0000\000.\0001\000.\0005\000.\0002\000\040\000r\000e\000m\000o\000v\000e}{subsection.10.1.5}% 64
\BOOKMARK [3][-]{subsubsection.10.1.5.3}{\376\377\0001\0000\000.\0001\000.\0005\000.\0003\000\040\000r\000u\000n}{subsection.10.1.5}% 65
\BOOKMARK [3][-]{subsubsection.10.1.5.4}{\376\377\0001\0000\000.\0001\000.\0005\000.\0004\000\040\000s\000e\000n\000d}{subsection.10.1.5}% 66
\BOOKMARK [3][-]{subsubsection.10.1.5.5}{\376\377\0001\0000\000.\0001\000.\0005\000.\0005\000\040\000s\000e\000t\000N\000u\000m\000b\000e\000r\000O\000f\000T\000h\000r\000e\000a\000d\000s}{subsection.10.1.5}% 67
\BOOKMARK [3][-]{subsubsection.10.1.5.6}{\376\377\0001\0000\000.\0001\000.\0005\000.\0006\000\040\000s\000t\000a\000r\000t}{subsection.10.1.5}% 68
\BOOKMARK [1][-]{section.10.2}{\376\377\0001\0000\000.\0002\000\040\000d\000s\000f\000:\000:\000L\000o\000c\000k\000\040\000C\000l\000a\000s\000s\000\040\000R\000e\000f\000e\000r\000e\000n\000c\000e}{chapter.10}% 69
\BOOKMARK [2][-]{subsection.10.2.1}{\376\377\0001\0000\000.\0002\000.\0001\000\040\000D\000e\000t\000a\000i\000l\000e\000d\000\040\000D\000e\000s\000c\000r\000i\000p\000t\000i\000o\000n}{section.10.2}% 70
\BOOKMARK [2][-]{subsection.10.2.2}{\376\377\0001\0000\000.\0002\000.\0002\000\040\000E\000x\000a\000m\000p\000l\000e}{section.10.2}% 71
\BOOKMARK [2][-]{subsection.10.2.3}{\376\377\0001\0000\000.\0002\000.\0003\000\040\000M\000e\000m\000b\000e\000r\000\040\000F\000u\000n\000c\000t\000i\000o\000n\000\040\000D\000o\000c\000u\000m\000e\000n\000t\000a\000t\000i\000o\000n}{section.10.2}% 72
\BOOKMARK [3][-]{subsubsection.10.2.3.1}{\376\377\0001\0000\000.\0002\000.\0003\000.\0001\000\040\000l\000o\000c\000k}{subsection.10.2.3}% 73
\BOOKMARK [3][-]{subsubsection.10.2.3.2}{\376\377\0001\0000\000.\0002\000.\0003\000.\0002\000\040\000u\000n\000l\000o\000c\000k}{subsection.10.2.3}% 74
\BOOKMARK [2][-]{subsection.10.2.4}{\376\377\0001\0000\000.\0002\000.\0004\000\040\000M\000e\000m\000b\000e\000r\000\040\000D\000a\000t\000a\000\040\000D\000o\000c\000u\000m\000e\000n\000t\000a\000t\000i\000o\000n}{section.10.2}% 75
\BOOKMARK [3][-]{subsubsection.10.2.4.1}{\376\377\0001\0000\000.\0002\000.\0004\000.\0001\000\040\000l\000o\000c\000k\000e\000r}{subsection.10.2.4}% 76
\BOOKMARK [1][-]{section.10.3}{\376\377\0001\0000\000.\0003\000\040\000d\000s\000f\000:\000:\000R\000u\000n\000n\000a\000b\000l\000e\000\040\000C\000l\000a\000s\000s\000\040\000R\000e\000f\000e\000r\000e\000n\000c\000e}{chapter.10}% 77
\BOOKMARK [2][-]{subsection.10.3.1}{\376\377\0001\0000\000.\0003\000.\0001\000\040\000D\000e\000t\000a\000i\000l\000e\000d\000\040\000D\000e\000s\000c\000r\000i\000p\000t\000i\000o\000n}{section.10.3}% 78
\BOOKMARK [2][-]{subsection.10.3.2}{\376\377\0001\0000\000.\0003\000.\0002\000\040\000M\000e\000m\000b\000e\000r\000\040\000E\000n\000u\000m\000e\000r\000a\000t\000i\000o\000n\000\040\000D\000o\000c\000u\000m\000e\000n\000t\000a\000t\000i\000o\000n}{section.10.3}% 79
\BOOKMARK [3][-]{subsubsection.10.3.2.1}{\376\377\0001\0000\000.\0003\000.\0002\000.\0001\000\040\000S\000t\000a\000t\000e}{subsection.10.3.2}% 80
\BOOKMARK [2][-]{subsection.10.3.3}{\376\377\0001\0000\000.\0003\000.\0003\000\040\000M\000e\000m\000b\000e\000r\000\040\000F\000u\000n\000c\000t\000i\000o\000n\000\040\000D\000o\000c\000u\000m\000e\000n\000t\000a\000t\000i\000o\000n}{section.10.3}% 81
\BOOKMARK [3][-]{subsubsection.10.3.3.1}{\376\377\0001\0000\000.\0003\000.\0003\000.\0001\000\040\000g\000e\000t\000S\000t\000a\000t\000e}{subsection.10.3.3}% 82
\BOOKMARK [3][-]{subsubsection.10.3.3.2}{\376\377\0001\0000\000.\0003\000.\0003\000.\0002\000\040\000r\000u\000n}{subsection.10.3.3}% 83
\BOOKMARK [1][-]{section.10.4}{\376\377\0001\0000\000.\0004\000\040\000d\000s\000f\000:\000:\000S\000y\000n\000c\000h\000r\000o\000n\000i\000s\000a\000b\000l\000e\000<\000\040\000T\000\040\000>\000\040\000C\000l\000a\000s\000s\000\040\000T\000e\000m\000p\000l\000a\000t\000e\000\040\000R\000e\000f\000e\000r\000e\000n\000c\000e}{chapter.10}% 84
\BOOKMARK [2][-]{subsection.10.4.1}{\376\377\0001\0000\000.\0004\000.\0001\000\040\000D\000e\000t\000a\000i\000l\000e\000d\000\040\000D\000e\000s\000c\000r\000i\000p\000t\000i\000o\000n}{section.10.4}% 85
\BOOKMARK [2][-]{subsection.10.4.2}{\376\377\0001\0000\000.\0004\000.\0002\000\040\000E\000x\000a\000m\000p\000l\000e}{section.10.4}% 86
\BOOKMARK [2][-]{subsection.10.4.3}{\376\377\0001\0000\000.\0004\000.\0003\000\040\000C\000o\000n\000s\000t\000r\000u\000c\000t\000o\000r\000\040\000\046\000\040\000D\000e\000s\000t\000r\000u\000c\000t\000o\000r\000\040\000D\000o\000c\000u\000m\000e\000n\000t\000a\000t\000i\000o\000n}{section.10.4}% 87
\BOOKMARK [3][-]{subsubsection.10.4.3.1}{\376\377\0001\0000\000.\0004\000.\0003\000.\0001\000\040\000S\000y\000n\000c\000h\000r\000o\000n\000i\000s\000a\000b\000l\000e}{subsection.10.4.3}% 88
\BOOKMARK [2][-]{subsection.10.4.4}{\376\377\0001\0000\000.\0004\000.\0004\000\040\000M\000e\000m\000b\000e\000r\000\040\000F\000u\000n\000c\000t\000i\000o\000n\000\040\000D\000o\000c\000u\000m\000e\000n\000t\000a\000t\000i\000o\000n}{section.10.4}% 89
\BOOKMARK [3][-]{subsubsection.10.4.4.1}{\376\377\0001\0000\000.\0004\000.\0004\000.\0001\000\040\000s\000y\000n\000c\000h\000r\000o\000n\000i\000s\000e}{subsection.10.4.4}% 90
\BOOKMARK [2][-]{subsection.10.4.5}{\376\377\0001\0000\000.\0004\000.\0005\000\040\000M\000e\000m\000b\000e\000r\000\040\000D\000a\000t\000a\000\040\000D\000o\000c\000u\000m\000e\000n\000t\000a\000t\000i\000o\000n}{section.10.4}% 91
\BOOKMARK [3][-]{subsubsection.10.4.5.1}{\376\377\0001\0000\000.\0004\000.\0005\000.\0001\000\040\000n\000e\000x\000t}{subsection.10.4.5}% 92
\BOOKMARK [1][-]{section.10.5}{\376\377\0001\0000\000.\0005\000\040\000d\000s\000f\000:\000:\000S\000y\000n\000c\000h\000r\000o\000n\000i\000z\000e\000d\000O\000b\000j\000e\000c\000t\000\040\000C\000l\000a\000s\000s\000\040\000R\000e\000f\000e\000r\000e\000n\000c\000e}{chapter.10}% 93
\BOOKMARK [2][-]{subsection.10.5.1}{\376\377\0001\0000\000.\0005\000.\0001\000\040\000D\000e\000t\000a\000i\000l\000e\000d\000\040\000D\000e\000s\000c\000r\000i\000p\000t\000i\000o\000n}{section.10.5}% 94
\BOOKMARK [2][-]{subsection.10.5.2}{\376\377\0001\0000\000.\0005\000.\0002\000\040\000E\000x\000a\000m\000p\000l\000e}{section.10.5}% 95
\BOOKMARK [2][-]{subsection.10.5.3}{\376\377\0001\0000\000.\0005\000.\0003\000\040\000C\000o\000n\000s\000t\000r\000u\000c\000t\000o\000r\000\040\000\046\000\040\000D\000e\000s\000t\000r\000u\000c\000t\000o\000r\000\040\000D\000o\000c\000u\000m\000e\000n\000t\000a\000t\000i\000o\000n}{section.10.5}% 96
\BOOKMARK [3][-]{subsubsection.10.5.3.1}{\376\377\0001\0000\000.\0005\000.\0003\000.\0001\000\040\000S\000y\000n\000c\000h\000r\000o\000n\000i\000z\000e\000d\000O\000b\000j\000e\000c\000t}{subsection.10.5.3}% 97
\BOOKMARK [3][-]{subsubsection.10.5.3.2}{\376\377\0001\0000\000.\0005\000.\0003\000.\0002\000\040\000S\000y\000n\000c\000h\000r\000o\000n\000i\000z\000e\000d\000O\000b\000j\000e\000c\000t}{subsection.10.5.3}% 98
\BOOKMARK [2][-]{subsection.10.5.4}{\376\377\0001\0000\000.\0005\000.\0004\000\040\000M\000e\000m\000b\000e\000r\000\040\000F\000u\000n\000c\000t\000i\000o\000n\000\040\000D\000o\000c\000u\000m\000e\000n\000t\000a\000t\000i\000o\000n}{section.10.5}% 99
\BOOKMARK [3][-]{subsubsection.10.5.4.1}{\376\377\0001\0000\000.\0005\000.\0004\000.\0001\000\040\000g\000e\000t\000S\000t\000a\000t\000e}{subsection.10.5.4}% 100
\BOOKMARK [3][-]{subsubsection.10.5.4.2}{\376\377\0001\0000\000.\0005\000.\0004\000.\0002\000\040\000r\000e\000c\000e\000i\000v\000e}{subsection.10.5.4}% 101
\BOOKMARK [3][-]{subsubsection.10.5.4.3}{\376\377\0001\0000\000.\0005\000.\0004\000.\0003\000\040\000r\000u\000n}{subsection.10.5.4}% 102
\BOOKMARK [2][-]{subsection.10.5.5}{\376\377\0001\0000\000.\0005\000.\0005\000\040\000E\000x\000a\000m\000p\000l\000e}{section.10.5}% 103
\BOOKMARK [3][-]{subsubsection.10.5.5.1}{\376\377\0001\0000\000.\0005\000.\0005\000.\0001\000\040\000s\000y\000n\000c\000h\000r\000o\000n\000i\000s\000e}{subsection.10.5.5}% 104
\BOOKMARK [2][-]{subsection.10.5.6}{\376\377\0001\0000\000.\0005\000.\0006\000\040\000F\000r\000i\000e\000n\000d\000s\000\040\000A\000n\000d\000\040\000R\000e\000l\000a\000t\000e\000d\000\040\000F\000u\000n\000c\000t\000i\000o\000n\000\040\000D\000o\000c\000u\000m\000e\000n\000t\000a\000t\000i\000o\000n}{section.10.5}% 105
\BOOKMARK [3][-]{subsubsection.10.5.6.1}{\376\377\0001\0000\000.\0005\000.\0006\000.\0001\000\040\000D\000u\000a\000l\000S\000t\000a\000t\000e\000F\000r\000a\000m\000e\000w\000o\000r\000k}{subsection.10.5.6}% 106
\BOOKMARK [1][-]{section.10.6}{\376\377\0001\0000\000.\0006\000\040\000d\000s\000f\000:\000:\000S\000y\000n\000c\000h\000r\000o\000n\000i\000z\000e\000d\000V\000a\000r\000\040\000C\000l\000a\000s\000s\000\040\000R\000e\000f\000e\000r\000e\000n\000c\000e}{chapter.10}% 107
\BOOKMARK [2][-]{subsection.10.6.1}{\376\377\0001\0000\000.\0006\000.\0001\000\040\000D\000e\000t\000a\000i\000l\000e\000d\000\040\000D\000e\000s\000c\000r\000i\000p\000t\000i\000o\000n}{section.10.6}% 108
\BOOKMARK [2][-]{subsection.10.6.2}{\376\377\0001\0000\000.\0006\000.\0002\000\040\000E\000x\000a\000m\000p\000l\000e}{section.10.6}% 109
\BOOKMARK [2][-]{subsection.10.6.3}{\376\377\0001\0000\000.\0006\000.\0003\000\040\000C\000o\000n\000s\000t\000r\000u\000c\000t\000o\000r\000\040\000\046\000\040\000D\000e\000s\000t\000r\000u\000c\000t\000o\000r\000\040\000D\000o\000c\000u\000m\000e\000n\000t\000a\000t\000i\000o\000n}{section.10.6}% 110
\BOOKMARK [3][-]{subsubsection.10.6.3.1}{\376\377\0001\0000\000.\0006\000.\0003\000.\0001\000\040\000S\000y\000n\000c\000h\000r\000o\000n\000i\000z\000e\000d\000V\000a\000r}{subsection.10.6.3}% 111
\BOOKMARK [2][-]{subsection.10.6.4}{\376\377\0001\0000\000.\0006\000.\0004\000\040\000M\000e\000m\000b\000e\000r\000\040\000F\000u\000n\000c\000t\000i\000o\000n\000\040\000D\000o\000c\000u\000m\000e\000n\000t\000a\000t\000i\000o\000n}{section.10.6}% 112
\BOOKMARK [3][-]{subsubsection.10.6.4.1}{\376\377\0001\0000\000.\0006\000.\0004\000.\0001\000\040\000o\000p\000e\000r\000a\000t\000o\000r\000=}{subsection.10.6.4}% 113
\BOOKMARK [3][-]{subsubsection.10.6.4.2}{\376\377\0001\0000\000.\0006\000.\0004\000.\0002\000\040\000s\000y\000n\000c\000h\000r\000o\000n\000i\000s\000e}{subsection.10.6.4}% 114
\BOOKMARK [1][-]{section.10.7}{\376\377\0001\0000\000.\0007\000\040\000d\000s\000f\000:\000:\000T\000a\000s\000k\000\040\000C\000l\000a\000s\000s\000\040\000R\000e\000f\000e\000r\000e\000n\000c\000e}{chapter.10}% 115
\BOOKMARK [2][-]{subsection.10.7.1}{\376\377\0001\0000\000.\0007\000.\0001\000\040\000D\000e\000t\000a\000i\000l\000e\000d\000\040\000D\000e\000s\000c\000r\000i\000p\000t\000i\000o\000n}{section.10.7}% 116
\BOOKMARK [2][-]{subsection.10.7.2}{\376\377\0001\0000\000.\0007\000.\0002\000\040\000C\000o\000n\000s\000t\000r\000u\000c\000t\000o\000r\000\040\000\046\000\040\000D\000e\000s\000t\000r\000u\000c\000t\000o\000r\000\040\000D\000o\000c\000u\000m\000e\000n\000t\000a\000t\000i\000o\000n}{section.10.7}% 117
\BOOKMARK [3][-]{subsubsection.10.7.2.1}{\376\377\0001\0000\000.\0007\000.\0002\000.\0001\000\040\000T\000a\000s\000k}{subsection.10.7.2}% 118
\BOOKMARK [3][-]{subsubsection.10.7.2.2}{\376\377\0001\0000\000.\0007\000.\0002\000.\0002\000\040\000T\000a\000s\000k}{subsection.10.7.2}% 119
\BOOKMARK [2][-]{subsection.10.7.3}{\376\377\0001\0000\000.\0007\000.\0003\000\040\000M\000e\000m\000b\000e\000r\000\040\000D\000a\000t\000a\000\040\000D\000o\000c\000u\000m\000e\000n\000t\000a\000t\000i\000o\000n}{section.10.7}% 120
\BOOKMARK [3][-]{subsubsection.10.7.3.1}{\376\377\0001\0000\000.\0007\000.\0003\000.\0001\000\040\000f\000r\000o\000m}{subsection.10.7.3}% 121
\BOOKMARK [3][-]{subsubsection.10.7.3.2}{\376\377\0001\0000\000.\0007\000.\0003\000.\0002\000\040\000t\000a\000s\000k\000A\000r\000g\000u\000m\000e\000n\000t}{subsection.10.7.3}% 122
\BOOKMARK [3][-]{subsubsection.10.7.3.3}{\376\377\0001\0000\000.\0007\000.\0003\000.\0003\000\040\000t\000a\000s\000k\000F\000u\000n\000c\000t\000i\000o\000n}{subsection.10.7.3}% 123
\BOOKMARK [3][-]{subsubsection.10.7.3.4}{\376\377\0001\0000\000.\0007\000.\0003\000.\0004\000\040\000t\000o}{subsection.10.7.3}% 124
\BOOKMARK [1][-]{section.10.8}{\376\377\0001\0000\000.\0008\000\040\000d\000s\000f\000:\000:\000T\000a\000s\000k\000B\000o\000x\000\040\000C\000l\000a\000s\000s\000\040\000R\000e\000f\000e\000r\000e\000n\000c\000e}{chapter.10}% 125
\BOOKMARK [2][-]{subsection.10.8.1}{\376\377\0001\0000\000.\0008\000.\0001\000\040\000D\000e\000t\000a\000i\000l\000e\000d\000\040\000D\000e\000s\000c\000r\000i\000p\000t\000i\000o\000n}{section.10.8}% 126
\BOOKMARK [2][-]{subsection.10.8.2}{\376\377\0001\0000\000.\0008\000.\0002\000\040\000C\000o\000n\000s\000t\000r\000u\000c\000t\000o\000r\000\040\000\046\000\040\000D\000e\000s\000t\000r\000u\000c\000t\000o\000r\000\040\000D\000o\000c\000u\000m\000e\000n\000t\000a\000t\000i\000o\000n}{section.10.8}% 127
\BOOKMARK [3][-]{subsubsection.10.8.2.1}{\376\377\0001\0000\000.\0008\000.\0002\000.\0001\000\040\000T\000a\000s\000k\000B\000o\000x}{subsection.10.8.2}% 128
\BOOKMARK [3][-]{subsubsection.10.8.2.2}{\376\377\0001\0000\000.\0008\000.\0002\000.\0002\000\040\000T\000a\000s\000k\000B\000o\000x}{subsection.10.8.2}% 129
\BOOKMARK [2][-]{subsection.10.8.3}{\376\377\0001\0000\000.\0008\000.\0003\000\040\000M\000e\000m\000b\000e\000r\000\040\000F\000u\000n\000c\000t\000i\000o\000n\000\040\000D\000o\000c\000u\000m\000e\000n\000t\000a\000t\000i\000o\000n}{section.10.8}% 130
\BOOKMARK [3][-]{subsubsection.10.8.3.1}{\376\377\0001\0000\000.\0008\000.\0003\000.\0001\000\040\000i\000s\000E\000m\000p\000t\000y}{subsection.10.8.3}% 131
\BOOKMARK [3][-]{subsubsection.10.8.3.2}{\376\377\0001\0000\000.\0008\000.\0003\000.\0002\000\040\000p\000o\000p}{subsection.10.8.3}% 132
\BOOKMARK [3][-]{subsubsection.10.8.3.3}{\376\377\0001\0000\000.\0008\000.\0003\000.\0003\000\040\000p\000r\000o\000c\000e\000s\000s}{subsection.10.8.3}% 133
\BOOKMARK [3][-]{subsubsection.10.8.3.4}{\376\377\0001\0000\000.\0008\000.\0003\000.\0004\000\040\000p\000u\000s\000h}{subsection.10.8.3}% 134
\BOOKMARK [2][-]{subsection.10.8.4}{\376\377\0001\0000\000.\0008\000.\0004\000\040\000M\000e\000m\000b\000e\000r\000\040\000D\000a\000t\000a\000\040\000D\000o\000c\000u\000m\000e\000n\000t\000a\000t\000i\000o\000n}{section.10.8}% 135
\BOOKMARK [3][-]{subsubsection.10.8.4.1}{\376\377\0001\0000\000.\0008\000.\0004\000.\0001\000\040\000t\000a\000s\000k\000s}{subsection.10.8.4}% 136
\BOOKMARK [0][-]{section*.26}{\376\377\000I\000n\000d\000e\000x}{}% 137
