\BOOKMARK [0][-]{chapter.1}{\376\377\0001\000\040\000O\000v\000e\000r\000v\000i\000e\000w}{}% 1
\BOOKMARK [1][-]{section.1.1}{\376\377\0001\000.\0001\000\040\000L\000o\000c\000k\000e\000r\000\040\000i\000n\000\040\000T\000h\000r\000e\000a\000d\000\040\000S\000a\000f\000e\000t\000y}{chapter.1}% 2
\BOOKMARK [1][-]{section.1.2}{\376\377\0001\000.\0002\000\040\000T\000h\000e\000\040\000i\000d\000e\000a\000\040\000o\000f\000\040\000t\000h\000i\000s\000\040\000p\000r\000o\000j\000e\000c\000t}{chapter.1}% 3
\BOOKMARK [0][-]{chapter.2}{\376\377\0002\000\040\000G\000a\000m\000e\000\040\000D\000e\000v\000e\000l\000o\000p\000m\000e\000n\000t}{}% 4
\BOOKMARK [1][-]{section.2.1}{\376\377\0002\000.\0001\000\040\000G\000r\000a\000p\000h\000i\000c\000s\000\040\000A\000P\000I\000s}{chapter.2}% 5
\BOOKMARK [2][-]{subsection.2.1.1}{\376\377\0002\000.\0001\000.\0001\000\040\000O\000p\000e\000n\000G\000L}{section.2.1}% 6
\BOOKMARK [2][-]{subsection.2.1.2}{\376\377\0002\000.\0001\000.\0002\000\040\000M\000i\000c\000r\000o\000s\000o\000f\000t\000\040\000D\000i\000r\000e\000c\000t\000X}{section.2.1}% 7
\BOOKMARK [2][-]{subsection.2.1.3}{\376\377\0002\000.\0001\000.\0003\000\040\000O\000p\000e\000n\000G\000L\000\040\000v\000s\000.\000\040\000D\000i\000r\000e\000c\000t\000X}{section.2.1}% 8
\BOOKMARK [1][-]{section.2.2}{\376\377\0002\000.\0002\000\040\000M\000u\000l\000t\000i\000m\000e\000d\000i\000a\000\040\000L\000i\000b\000r\000a\000r\000i\000e\000s}{chapter.2}% 9
\BOOKMARK [2][-]{subsection.2.2.1}{\376\377\0002\000.\0002\000.\0001\000\040\000S\000F\000M\000L}{section.2.2}% 10
\BOOKMARK [2][-]{subsection.2.2.2}{\376\377\0002\000.\0002\000.\0002\000\040\000S\000D\000L}{section.2.2}% 11
\BOOKMARK [0][-]{chapter.3}{\376\377\0003\000\040\000P\000a\000r\000a\000l\000l\000e\000l\000\040\000P\000r\000o\000g\000r\000a\000m\000m\000i\000n\000g\000\040\000M\000o\000d\000e\000l}{}% 12
\BOOKMARK [1][-]{section.3.1}{\376\377\0003\000.\0001\000\040\000S\000e\000r\000i\000a\000l\000\040\000C\000o\000m\000p\000u\000t\000i\000n\000g\000\040\000v\000s\000\040\000P\000a\000r\000a\000l\000l\000e\000l\000\040\000C\000o\000m\000p\000u\000t\000i\000n\000g}{chapter.3}% 13
\BOOKMARK [2][-]{subsection.3.1.1}{\376\377\0003\000.\0001\000.\0001\000\040\000S\000e\000r\000i\000a\000l\000\040\000C\000o\000m\000p\000u\000t\000i\000n\000g\000\040\000D\000i\000a\000g\000r\000a\000m}{section.3.1}% 14
\BOOKMARK [2][-]{subsection.3.1.2}{\376\377\0003\000.\0001\000.\0002\000\040\000P\000a\000r\000a\000l\000l\000e\000l\000\040\000C\000o\000m\000p\000u\000t\000i\000n\000g\000\040\000D\000i\000a\000g\000r\000a\000m}{section.3.1}% 15
\BOOKMARK [1][-]{section.3.2}{\376\377\0003\000.\0002\000\040\000O\000p\000e\000n\000M\000P}{chapter.3}% 16
\BOOKMARK [1][-]{section.3.3}{\376\377\0003\000.\0003\000\040\000I\000n\000t\000e\000l\000\040\000T\000B\000B}{chapter.3}% 17
\BOOKMARK [1][-]{section.3.4}{\376\377\0003\000.\0004\000\040\000C\000o\000n\000c\000u\000r\000r\000e\000n\000c\000y\000\040\000M\000o\000d\000e\000l}{chapter.3}% 18
\BOOKMARK [0][-]{chapter.4}{\376\377\0004\000\040\000D\000e\000v\000e\000l\000o\000p\000m\000e\000n\000t\000\040\000T\000o\000o\000l\000s}{}% 19
\BOOKMARK [1][-]{section.4.1}{\376\377\0004\000.\0001\000\040\000C\000+\000+\000\040\000I\000D\000E\000s\000\040\000f\000o\000r\000\040\000M\000a\000c\000\040\000O\000S\000\040\000X}{chapter.4}% 20
\BOOKMARK [2][-]{subsection.4.1.1}{\376\377\0004\000.\0001\000.\0001\000\040\000X\000c\000o\000d\000e}{section.4.1}% 21
\BOOKMARK [2][-]{subsection.4.1.2}{\376\377\0004\000.\0001\000.\0002\000\040\000N\000e\000t\000B\000e\000a\000n\000s}{section.4.1}% 22
\BOOKMARK [2][-]{subsection.4.1.3}{\376\377\0004\000.\0001\000.\0003\000\040\000E\000c\000l\000i\000p\000s\000e}{section.4.1}% 23
\BOOKMARK [1][-]{section.4.2}{\376\377\0004\000.\0002\000\040\000D\000o\000c\000u\000m\000e\000n\000t\000a\000t\000i\000o\000n}{chapter.4}% 24
\BOOKMARK [2][-]{subsection.4.2.1}{\376\377\0004\000.\0002\000.\0001\000\040\000D\000o\000x\000y\000g\000e\000n}{section.4.2}% 25
\BOOKMARK [2][-]{subsection.4.2.2}{\376\377\0004\000.\0002\000.\0002\000\040\000G\000r\000a\000p\000h\000v\000i\000z}{section.4.2}% 26
\BOOKMARK [2][-]{subsection.4.2.3}{\376\377\0004\000.\0002\000.\0003\000\040\000U\000M\000L\000e\000t}{section.4.2}% 27
\BOOKMARK [2][-]{subsection.4.2.4}{\376\377\0004\000.\0002\000.\0004\000\040\000L\000a\000T\000e\000x}{section.4.2}% 28
\BOOKMARK [0][-]{chapter.5}{\376\377\0005\000\040\000S\000o\000f\000t\000w\000a\000r\000e\000\040\000P\000a\000c\000k\000a\000g\000i\000n\000g}{}% 29
\BOOKMARK [1][-]{section.5.1}{\376\377\0005\000.\0001\000\040\000O\000S\000\040\000X\000\040\000P\000a\000c\000k\000a\000g\000e\000s}{chapter.5}% 30
\BOOKMARK [1][-]{section.5.2}{\376\377\0005\000.\0002\000\040\000O\000S\000\040\000X\000\040\000B\000u\000n\000d\000l\000e}{chapter.5}% 31
\BOOKMARK [1][-]{section.5.3}{\376\377\0005\000.\0003\000\040\000W\000i\000n\000d\000o\000w\000s\000\040\000I\000n\000s\000t\000a\000l\000l\000e\000r}{chapter.5}% 32
\BOOKMARK [1][-]{section.5.4}{\376\377\0005\000.\0004\000\040\000D\000e\000b\000i\000a\000n\000\040\000P\000a\000c\000k\000a\000g\000e\000\040\000M\000a\000n\000a\000g\000e\000m\000e\000n\000t}{chapter.5}% 33
\BOOKMARK [0][-]{chapter.6}{\376\377\0006\000\040\000C\000o\000n\000c\000l\000u\000s\000i\000o\000n}{}% 34
\BOOKMARK [0][-]{chapter*.4}{\376\377\000B\000i\000b\000l\000i\000o\000g\000r\000a\000p\000h\000y}{}% 35
