\BOOKMARK [0][-]{chapter.1}{\376\377\0001\000\040\000I\000n\000t\000r\000o\000d\000u\000c\000t\000i\000o\000n}{}% 1
\BOOKMARK [0][-]{chapter.2}{\376\377\0002\000\040\000P\000r\000o\000j\000e\000c\000t\000\040\000D\000e\000s\000c\000r\000i\000p\000t\000i\000o\000n}{}% 2
\BOOKMARK [1][-]{section.2.1}{\376\377\0002\000.\0001\000\040\000I\000n\000s\000t\000a\000l\000l\000a\000t\000i\000o\000n\000s}{chapter.2}% 3
\BOOKMARK [1][-]{section.2.2}{\376\377\0002\000.\0002\000\040\000F\000r\000a\000m\000e\000w\000o\000r\000k\000\040\000w\000i\000t\000h\000\040\000X\000c\000o\000d\000e}{chapter.2}% 4
\BOOKMARK [1][-]{section.2.3}{\376\377\0002\000.\0003\000\040\000B\000e\000n\000c\000h\000m\000a\000r\000k\000\040\000P\000r\000o\000g\000r\000a\000m}{chapter.2}% 5
\BOOKMARK [0][-]{chapter.3}{\376\377\0003\000\040\000C\000o\000n\000f\000o\000r\000m\000a\000n\000c\000e\000\040\000t\000o\000\040\000S\000p\000e\000c\000i\000f\000i\000c\000a\000t\000i\000o\000n\000\040\000a\000n\000d\000\040\000D\000e\000s\000i\000g\000n\000\040\000M\000a\000n\000u\000a\000l}{}% 6
\BOOKMARK [1][-]{section.3.1}{\376\377\0003\000.\0001\000\040\000S\000e\000t\000u\000p\000\040\000D\000e\000v\000e\000l\000o\000p\000m\000e\000n\000t\000\040\000E\000n\000v\000i\000r\000o\000n\000m\000e\000n\000t}{chapter.3}% 7
\BOOKMARK [2][-]{subsection.3.1.1}{\376\377\0003\000.\0001\000.\0001\000\040\000C\000+\000+\000\040\000C\000o\000m\000p\000i\000l\000e\000r\000\040\000a\000n\000d\000\040\000I\000D\000E}{section.3.1}% 8
\BOOKMARK [2][-]{subsection.3.1.2}{\376\377\0003\000.\0001\000.\0002\000\040\000T\000h\000i\000r\000d\000\040\000p\000a\000r\000t\000y\000\040\000l\000i\000b\000r\000a\000r\000i\000e\000s}{section.3.1}% 9
\BOOKMARK [2][-]{subsection.3.1.3}{\376\377\0003\000.\0001\000.\0003\000\040\000O\000t\000h\000e\000r\000\040\000T\000o\000o\000l\000s}{section.3.1}% 10
\BOOKMARK [1][-]{section.3.2}{\376\377\0003\000.\0002\000\040\000S\000t\000a\000r\000t\000\040\000D\000e\000v\000e\000l\000o\000p\000m\000e\000n\000t}{chapter.3}% 11
\BOOKMARK [2][-]{subsection.3.2.1}{\376\377\0003\000.\0002\000.\0001\000\040\000S\000o\000u\000r\000c\000e\000\040\000C\000o\000n\000t\000r\000o\000l}{section.3.2}% 12
\BOOKMARK [2][-]{subsection.3.2.2}{\376\377\0003\000.\0002\000.\0002\000\040\000C\000o\000d\000e\000\040\000C\000o\000n\000f\000i\000g\000u\000r\000a\000t\000i\000o\000n\000s}{section.3.2}% 13
\BOOKMARK [2][-]{subsection.3.2.3}{\376\377\0003\000.\0002\000.\0003\000\040\000B\000u\000i\000l\000d\000\040\000P\000r\000o\000c\000e\000s\000s\000\040\000M\000a\000n\000a\000g\000e\000m\000e\000n\000t}{section.3.2}% 14
\BOOKMARK [1][-]{section.3.3}{\376\377\0003\000.\0003\000\040\000I\000m\000p\000l\000e\000m\000e\000n\000t\000a\000t\000i\000o\000n}{chapter.3}% 15
\BOOKMARK [2][-]{subsection.3.3.1}{\376\377\0003\000.\0003\000.\0001\000\040\000D\000u\000a\000l\000\040\000S\000t\000a\000t\000e}{section.3.3}% 16
\BOOKMARK [2][-]{subsection.3.3.2}{\376\377\0003\000.\0003\000.\0002\000\040\000R\000e\000a\000d\000\040\000o\000p\000e\000r\000a\000t\000i\000o\000n\000\040\000a\000n\000d\000\040\000W\000r\000i\000t\000e\000\040\000o\000p\000e\000r\000a\000t\000i\000o\000n}{section.3.3}% 17
\BOOKMARK [2][-]{subsection.3.3.3}{\376\377\0003\000.\0003\000.\0003\000\040\000B\000e\000n\000c\000h\000m\000a\000r\000k\000\040\000P\000r\000o\000g\000r\000a\000m}{section.3.3}% 18
\BOOKMARK [0][-]{chapter.4}{\376\377\0004\000\040\000D\000e\000s\000c\000r\000i\000p\000t\000i\000o\000n\000\040\000o\000f\000\040\000L\000e\000a\000r\000n\000i\000n\000g}{}% 19
\BOOKMARK [1][-]{section.4.1}{\376\377\0004\000.\0001\000\040\000T\000e\000c\000h\000n\000i\000c\000a\000l}{chapter.4}% 20
\BOOKMARK [1][-]{section.4.2}{\376\377\0004\000.\0002\000\040\000P\000e\000r\000s\000o\000n\000a\000l}{chapter.4}% 21
\BOOKMARK [0][-]{chapter.5}{\376\377\0005\000\040\000R\000e\000v\000i\000e\000w\000\040\000o\000f\000\040\000P\000r\000o\000j\000e\000c\000t}{}% 22
\BOOKMARK [1][-]{section.5.1}{\376\377\0005\000.\0001\000\040\000P\000r\000o\000b\000l\000e\000m\000s\000\040\000E\000n\000c\000o\000u\000n\000t\000e\000r\000e\000d\000\040\000\046\000\040\000F\000i\000x\000e\000s}{chapter.5}% 23
\BOOKMARK [2][-]{subsection.5.1.1}{\376\377\0005\000.\0001\000.\0001\000\040\000M\000e\000m\000o\000r\000y\000\040\000L\000e\000a\000k\000s}{section.5.1}% 24
\BOOKMARK [2][-]{subsection.5.1.2}{\376\377\0005\000.\0001\000.\0002\000\040\000W\000r\000o\000n\000g\000\040\000p\000a\000t\000h\000\040\000w\000i\000t\000h\000\040\000d\000y\000n\000a\000m\000i\000c\000-\000l\000i\000n\000k\000\040\000l\000i\000b\000r\000a\000r\000y}{section.5.1}% 25
\BOOKMARK [2][-]{subsection.5.1.3}{\376\377\0005\000.\0001\000.\0003\000\040\000S\000o\000m\000e\000\040\000f\000u\000n\000c\000t\000i\000o\000n\000s\000\040\000a\000n\000d\000\040\000v\000a\000r\000i\000a\000b\000l\000e\000s\000\040\000n\000o\000t\000\040\000d\000e\000f\000i\000n\000e\000d}{section.5.1}% 26
\BOOKMARK [1][-]{section.5.2}{\376\377\0005\000.\0002\000\040\000A\000t\000t\000e\000m\000p\000t\000i\000n\000g\000\040\000t\000h\000e\000\040\000P\000r\000o\000j\000e\000c\000t\000\040\000A\000g\000a\000i\000n}{chapter.5}% 27
\BOOKMARK [1][-]{section.5.3}{\376\377\0005\000.\0003\000\040\000A\000d\000v\000i\000c\000e\000\040\000f\000o\000r\000\040\000S\000o\000m\000e\000o\000n\000e\000\040\000E\000l\000s\000e\000\040\000A\000t\000t\000e\000m\000p\000t\000i\000n\000g\000\040\000a\000\040\000S\000i\000m\000i\000l\000a\000r\000\040\000P\000r\000o\000j\000e\000c\000t}{chapter.5}% 28
\BOOKMARK [1][-]{section.5.4}{\376\377\0005\000.\0004\000\040\000T\000e\000c\000h\000n\000o\000l\000o\000g\000y\000\040\000C\000h\000o\000i\000c\000e\000s}{chapter.5}% 29
\BOOKMARK [0][-]{chapter.6}{\376\377\0006\000\040\000A\000c\000k\000n\000o\000w\000l\000e\000d\000g\000e\000m\000e\000n\000t}{}% 30
\BOOKMARK [0][-]{chapter*.4}{\376\377\000B\000i\000b\000l\000i\000o\000g\000r\000a\000p\000h\000y}{}% 31
