\BOOKMARK [0][-]{chapter.1}{\376\377\0001\000\040\000I\000n\000t\000r\000o\000d\000u\000c\000t\000i\000o\000n}{}% 1
\BOOKMARK [1][-]{section.1.1}{\376\377\0001\000.\0001\000\040\000P\000u\000r\000p\000o\000s\000e}{chapter.1}% 2
\BOOKMARK [1][-]{section.1.2}{\376\377\0001\000.\0002\000\040\000P\000l\000a\000n}{chapter.1}% 3
\BOOKMARK [1][-]{section.1.3}{\376\377\0001\000.\0003\000\040\000P\000o\000t\000e\000n\000t\000i\000a\000l\000\040\000U\000s\000e\000r\000s}{chapter.1}% 4
\BOOKMARK [0][-]{chapter.2}{\376\377\0002\000\040\000F\000u\000n\000c\000t\000i\000o\000n\000a\000l\000i\000t\000i\000e\000s}{}% 5
\BOOKMARK [1][-]{section.2.1}{\376\377\0002\000.\0001\000\040\000D\000u\000a\000l\000\040\000S\000t\000a\000t\000e}{chapter.2}% 6
\BOOKMARK [1][-]{section.2.2}{\376\377\0002\000.\0002\000\040\000M\000e\000s\000s\000a\000g\000e\000\040\000D\000e\000l\000i\000v\000e\000r\000y}{chapter.2}% 7
\BOOKMARK [1][-]{section.2.3}{\376\377\0002\000.\0003\000\040\000M\000a\000i\000l\000b\000o\000x}{chapter.2}% 8
\BOOKMARK [0][-]{chapter.3}{\376\377\0003\000\040\000B\000e\000n\000c\000h\000m\000a\000r\000k}{}% 9
\BOOKMARK [1][-]{section.3.1}{\376\377\0003\000.\0001\000\040\000G\000r\000a\000p\000h\000i\000c\000s\000\040\000U\000s\000e\000r\000\040\000I\000n\000t\000e\000r\000f\000a\000c\000e}{chapter.3}% 10
\BOOKMARK [1][-]{section.3.2}{\376\377\0003\000.\0002\000\040\000M\000e\000t\000h\000o\000d\000s}{chapter.3}% 11
\BOOKMARK [1][-]{section.3.3}{\376\377\0003\000.\0003\000\040\000O\000u\000t\000p\000u\000t\000s}{chapter.3}% 12
\BOOKMARK [0][-]{chapter.4}{\376\377\0004\000\040\000F\000U\000R\000P\000S}{}% 13
\BOOKMARK [1][-]{section.4.1}{\376\377\0004\000.\0001\000\040\000F\000u\000n\000c\000t\000i\000o\000n\000a\000l\000i\000t\000y}{chapter.4}% 14
\BOOKMARK [1][-]{section.4.2}{\376\377\0004\000.\0002\000\040\000U\000s\000a\000b\000i\000l\000i\000t\000y}{chapter.4}% 15
\BOOKMARK [1][-]{section.4.3}{\376\377\0004\000.\0003\000\040\000R\000e\000l\000i\000a\000b\000i\000l\000i\000t\000y}{chapter.4}% 16
\BOOKMARK [1][-]{section.4.4}{\376\377\0004\000.\0004\000\040\000P\000e\000r\000f\000o\000r\000m\000a\000n\000c\000e}{chapter.4}% 17
\BOOKMARK [1][-]{section.4.5}{\376\377\0004\000.\0005\000\040\000S\000u\000p\000p\000o\000r\000t\000a\000b\000i\000l\000i\000t\000y}{chapter.4}% 18
\BOOKMARK [0][-]{chapter.5}{\376\377\0005\000\040\000P\000r\000o\000j\000e\000c\000t\000\040\000P\000l\000a\000n}{}% 19
\BOOKMARK [1][-]{section.5.1}{\376\377\0005\000.\0001\000\040\000I\000m\000p\000l\000e\000m\000e\000n\000t\000a\000t\000i\000o\000n}{chapter.5}% 20
\BOOKMARK [1][-]{section.5.2}{\376\377\0005\000.\0002\000\040\000D\000o\000c\000u\000m\000e\000n\000t\000s}{chapter.5}% 21
\BOOKMARK [1][-]{section.5.3}{\376\377\0005\000.\0003\000\040\000S\000c\000h\000e\000d\000u\000l\000e}{chapter.5}% 22
