\BOOKMARK [0][-]{chapter.1}{\376\377\0001\000\040\000D\000u\000a\000l\000\040\000S\000t\000a\000t\000e\000\040\000F\000r\000a\000m\000e\000w\000o\000r\000k}{}% 1
\BOOKMARK [1][-]{section.1.1}{\376\377\0001\000.\0001\000\040\000C\000M\000a\000k\000e\000L\000i\000s\000t\000s}{chapter.1}% 2
\BOOKMARK [2][-]{subsection.1.1.1}{\376\377\0001\000.\0001\000.\0001\000\040\000C\000M\000a\000k\000e\000L\000i\000s\000t\000s\000.\000t\000x\000t}{section.1.1}% 3
\BOOKMARK [2][-]{subsection.1.1.2}{\376\377\0001\000.\0001\000.\0002\000\040\000d\000s\000f\000/\000C\000M\000a\000k\000e\000L\000i\000s\000t\000s\000.\000t\000x\000t}{section.1.1}% 4
\BOOKMARK [1][-]{section.1.2}{\376\377\0001\000.\0002\000\040\000C\000o\000n\000f\000i\000g}{chapter.1}% 5
\BOOKMARK [2][-]{subsection.1.2.1}{\376\377\0001\000.\0002\000.\0001\000\040\000C\000o\000n\000f\000i\000g\000.\000h}{section.1.2}% 6
\BOOKMARK [1][-]{section.1.3}{\376\377\0001\000.\0003\000\040\000D\000e\000c\000l\000a\000r\000a\000t\000i\000o\000n}{chapter.1}% 7
\BOOKMARK [2][-]{subsection.1.3.1}{\376\377\0001\000.\0003\000.\0001\000\040\000D\000e\000c\000l\000a\000r\000a\000t\000i\000o\000n\000.\000h}{section.1.3}% 8
\BOOKMARK [1][-]{section.1.4}{\376\377\0001\000.\0004\000\040\000D\000u\000a\000l\000S\000t\000a\000t\000e\000F\000r\000a\000m\000e\000w\000o\000r\000k}{chapter.1}% 9
\BOOKMARK [2][-]{subsection.1.4.1}{\376\377\0001\000.\0004\000.\0001\000\040\000D\000u\000a\000l\000S\000t\000a\000t\000e\000F\000r\000a\000m\000e\000w\000o\000r\000k\000.\000h}{section.1.4}% 10
\BOOKMARK [2][-]{subsection.1.4.2}{\376\377\0001\000.\0004\000.\0002\000\040\000D\000u\000a\000l\000S\000t\000a\000t\000e\000F\000r\000a\000m\000e\000w\000o\000r\000k\000.\000c\000p\000p}{section.1.4}% 11
\BOOKMARK [1][-]{section.1.5}{\376\377\0001\000.\0005\000\040\000E\000x\000p\000o\000r\000t}{chapter.1}% 12
\BOOKMARK [2][-]{subsection.1.5.1}{\376\377\0001\000.\0005\000.\0001\000\040\000E\000x\000p\000o\000r\000t\000.\000h}{section.1.5}% 13
\BOOKMARK [1][-]{section.1.6}{\376\377\0001\000.\0006\000\040\000L\000o\000c\000k}{chapter.1}% 14
\BOOKMARK [2][-]{subsection.1.6.1}{\376\377\0001\000.\0006\000.\0001\000\040\000L\000o\000c\000k\000.\000h}{section.1.6}% 15
\BOOKMARK [2][-]{subsection.1.6.2}{\376\377\0001\000.\0006\000.\0002\000\040\000L\000o\000c\000k\000.\000c\000p\000p}{section.1.6}% 16
\BOOKMARK [1][-]{section.1.7}{\376\377\0001\000.\0007\000\040\000R\000u\000n\000n\000a\000b\000l\000e}{chapter.1}% 17
\BOOKMARK [2][-]{subsection.1.7.1}{\376\377\0001\000.\0007\000.\0001\000\040\000R\000u\000n\000n\000a\000b\000l\000e\000.\000h}{section.1.7}% 18
\BOOKMARK [1][-]{section.1.8}{\376\377\0001\000.\0008\000\040\000S\000y\000n\000c\000h\000r\000o\000n\000i\000s\000a\000b\000l\000e}{chapter.1}% 19
\BOOKMARK [2][-]{subsection.1.8.1}{\376\377\0001\000.\0008\000.\0001\000\040\000S\000y\000n\000c\000h\000r\000o\000n\000i\000s\000a\000b\000l\000e\000.\000h}{section.1.8}% 20
\BOOKMARK [1][-]{section.1.9}{\376\377\0001\000.\0009\000\040\000S\000y\000n\000c\000h\000r\000o\000n\000i\000z\000e\000d\000O\000b\000j\000e\000c\000t}{chapter.1}% 21
\BOOKMARK [2][-]{subsection.1.9.1}{\376\377\0001\000.\0009\000.\0001\000\040\000S\000y\000n\000c\000h\000r\000o\000n\000i\000z\000e\000d\000O\000b\000j\000e\000c\000t\000.\000h}{section.1.9}% 22
\BOOKMARK [2][-]{subsection.1.9.2}{\376\377\0001\000.\0009\000.\0002\000\040\000S\000y\000n\000c\000h\000r\000o\000n\000i\000z\000e\000d\000O\000b\000j\000e\000c\000t\000.\000c\000p\000p}{section.1.9}% 23
\BOOKMARK [1][-]{section.1.10}{\376\377\0001\000.\0001\0000\000\040\000S\000y\000n\000c\000h\000r\000o\000n\000i\000z\000e\000d\000V\000a\000r}{chapter.1}% 24
\BOOKMARK [2][-]{subsection.1.10.1}{\376\377\0001\000.\0001\0000\000.\0001\000\040\000S\000y\000n\000c\000h\000r\000o\000n\000i\000z\000e\000d\000V\000a\000r\000.\000h}{section.1.10}% 25
\BOOKMARK [2][-]{subsection.1.10.2}{\376\377\0001\000.\0001\0000\000.\0002\000\040\000S\000y\000n\000c\000h\000r\000o\000n\000i\000z\000e\000d\000V\000a\000r\000.\000c\000p\000p}{section.1.10}% 26
\BOOKMARK [1][-]{section.1.11}{\376\377\0001\000.\0001\0001\000\040\000T\000a\000s\000k}{chapter.1}% 27
\BOOKMARK [2][-]{subsection.1.11.1}{\376\377\0001\000.\0001\0001\000.\0001\000\040\000T\000a\000s\000k\000.\000h}{section.1.11}% 28
\BOOKMARK [2][-]{subsection.1.11.2}{\376\377\0001\000.\0001\0001\000.\0002\000\040\000T\000a\000s\000k\000.\000c\000p\000p}{section.1.11}% 29
\BOOKMARK [1][-]{section.1.12}{\376\377\0001\000.\0001\0002\000\040\000T\000a\000s\000k\000A\000r\000g\000u\000m\000e\000n\000t}{chapter.1}% 30
\BOOKMARK [2][-]{subsection.1.12.1}{\376\377\0001\000.\0001\0002\000.\0001\000\040\000T\000a\000s\000k\000A\000r\000g\000u\000m\000e\000n\000t\000.\000h}{section.1.12}% 31
\BOOKMARK [1][-]{section.1.13}{\376\377\0001\000.\0001\0003\000\040\000T\000a\000s\000k\000B\000o\000x}{chapter.1}% 32
\BOOKMARK [2][-]{subsection.1.13.1}{\376\377\0001\000.\0001\0003\000.\0001\000\040\000T\000a\000s\000k\000B\000o\000x\000.\000h}{section.1.13}% 33
\BOOKMARK [2][-]{subsection.1.13.2}{\376\377\0001\000.\0001\0003\000.\0002\000\040\000T\000a\000s\000k\000B\000o\000x\000.\000c\000p\000p}{section.1.13}% 34
\BOOKMARK [1][-]{section.1.14}{\376\377\0001\000.\0001\0004\000\040\000T\000a\000s\000k\000F\000u\000n\000c\000t\000i\000o\000n}{chapter.1}% 35
\BOOKMARK [2][-]{subsection.1.14.1}{\376\377\0001\000.\0001\0004\000.\0001\000\040\000T\000a\000s\000k\000F\000u\000n\000c\000t\000i\000o\000n\000.\000h}{section.1.14}% 36
\BOOKMARK [0][-]{chapter.2}{\376\377\0002\000\040\000y\000c\000t\000o\000o\000l\000s}{}% 37
\BOOKMARK [1][-]{section.2.1}{\376\377\0002\000.\0001\000\040\000A\000n\000y}{chapter.2}% 38
\BOOKMARK [2][-]{subsection.2.1.1}{\376\377\0002\000.\0001\000.\0001\000\040\000A\000n\000y\000.\000h}{section.2.1}% 39
\BOOKMARK [2][-]{subsection.2.1.2}{\376\377\0002\000.\0001\000.\0002\000\040\000A\000n\000y\000.\000c\000p\000p}{section.2.1}% 40
\BOOKMARK [1][-]{section.2.2}{\376\377\0002\000.\0002\000\040\000A\000n\000y\000E\000x\000c\000e\000p\000t\000i\000o\000n}{chapter.2}% 41
\BOOKMARK [2][-]{subsection.2.2.1}{\376\377\0002\000.\0002\000.\0001\000\040\000A\000n\000y\000E\000x\000c\000e\000p\000t\000i\000o\000n\000.\000h}{section.2.2}% 42
\BOOKMARK [2][-]{subsection.2.2.2}{\376\377\0002\000.\0002\000.\0002\000\040\000A\000n\000y\000E\000x\000c\000e\000p\000t\000i\000o\000n\000.\000c\000p\000p}{section.2.2}% 43
\BOOKMARK [1][-]{section.2.3}{\376\377\0002\000.\0003\000\040\000C\000o\000n\000f\000i\000g}{chapter.2}% 44
\BOOKMARK [2][-]{subsection.2.3.1}{\376\377\0002\000.\0003\000.\0001\000\040\000C\000o\000n\000f\000i\000g\000.\000h}{section.2.3}% 45
\BOOKMARK [1][-]{section.2.4}{\376\377\0002\000.\0004\000\040\000E\000x\000p\000o\000r\000t}{chapter.2}% 46
\BOOKMARK [2][-]{subsection.2.4.1}{\376\377\0002\000.\0004\000.\0001\000\040\000E\000x\000p\000o\000r\000t\000.\000h}{section.2.4}% 47
\BOOKMARK [1][-]{section.2.5}{\376\377\0002\000.\0005\000\040\000R\000a\000n\000d\000o\000m}{chapter.2}% 48
\BOOKMARK [2][-]{subsection.2.5.1}{\376\377\0002\000.\0005\000.\0001\000\040\000R\000a\000n\000d\000o\000m\000.\000h}{section.2.5}% 49
\BOOKMARK [2][-]{subsection.2.5.2}{\376\377\0002\000.\0005\000.\0002\000\040\000R\000a\000n\000d\000o\000m\000.\000c\000p\000p}{section.2.5}% 50
\BOOKMARK [0][-]{chapter.3}{\376\377\0003\000\040\000B\000e\000n\000c\000h\000m\000a\000r\000k\000\040\000P\000r\000o\000g\000r\000a\000m}{}% 51
\BOOKMARK [1][-]{section.3.1}{\376\377\0003\000.\0001\000\040\000C\000M\000a\000k\000e\000L\000i\000s\000t\000s}{chapter.3}% 52
\BOOKMARK [2][-]{subsection.3.1.1}{\376\377\0003\000.\0001\000.\0001\000\040\000C\000M\000a\000k\000e\000L\000i\000s\000t\000s\000.\000t\000x\000t}{section.3.1}% 53
\BOOKMARK [1][-]{section.3.2}{\376\377\0003\000.\0002\000\040\000B\000o\000u\000n\000c\000i\000n\000g\000C\000i\000r\000c\000l\000e\000M\000a\000n\000a\000g\000e\000r}{chapter.3}% 54
\BOOKMARK [2][-]{subsection.3.2.1}{\376\377\0003\000.\0002\000.\0001\000\040\000B\000o\000u\000n\000c\000i\000n\000g\000C\000i\000r\000c\000l\000e\000M\000a\000n\000a\000g\000e\000r\000.\000h}{section.3.2}% 55
\BOOKMARK [2][-]{subsection.3.2.2}{\376\377\0003\000.\0002\000.\0002\000\040\000B\000o\000u\000n\000c\000i\000n\000g\000C\000i\000r\000c\000l\000e\000M\000a\000n\000a\000g\000e\000r\000.\000c\000p\000p}{section.3.2}% 56
\BOOKMARK [1][-]{section.3.3}{\376\377\0003\000.\0003\000\040\000D\000S\000F\000S\000F\000M\000L}{chapter.3}% 57
\BOOKMARK [2][-]{subsection.3.3.1}{\376\377\0003\000.\0003\000.\0001\000\040\000D\000S\000F\000S\000F\000M\000L\000.\000h}{section.3.3}% 58
\BOOKMARK [2][-]{subsection.3.3.2}{\376\377\0003\000.\0003\000.\0002\000\040\000D\000S\000F\000S\000F\000M\000L\000.\000c\000p\000p}{section.3.3}% 59
\BOOKMARK [1][-]{section.3.4}{\376\377\0003\000.\0004\000\040\000F\000l\000o\000c\000k\000i\000n\000g\000B\000o\000i\000d\000M\000a\000n\000a\000g\000e\000r}{chapter.3}% 60
\BOOKMARK [2][-]{subsection.3.4.1}{\376\377\0003\000.\0004\000.\0001\000\040\000F\000l\000o\000c\000k\000i\000n\000g\000B\000o\000i\000d\000M\000a\000n\000a\000g\000e\000r\000.\000h}{section.3.4}% 61
\BOOKMARK [2][-]{subsection.3.4.2}{\376\377\0003\000.\0004\000.\0002\000\040\000F\000l\000o\000c\000k\000i\000n\000g\000B\000o\000i\000d\000M\000a\000n\000a\000g\000e\000r\000.\000c\000p\000p}{section.3.4}% 62
\BOOKMARK [1][-]{section.3.5}{\376\377\0003\000.\0005\000\040\000F\000P\000S}{chapter.3}% 63
\BOOKMARK [2][-]{subsection.3.5.1}{\376\377\0003\000.\0005\000.\0001\000\040\000F\000P\000S\000.\000h}{section.3.5}% 64
\BOOKMARK [2][-]{subsection.3.5.2}{\376\377\0003\000.\0005\000.\0002\000\040\000F\000P\000S\000.\000c\000p\000p}{section.3.5}% 65
\BOOKMARK [1][-]{section.3.6}{\376\377\0003\000.\0006\000\040\000M\000y\000D\000S\000F}{chapter.3}% 66
\BOOKMARK [2][-]{subsection.3.6.1}{\376\377\0003\000.\0006\000.\0001\000\040\000M\000y\000D\000S\000F\000.\000h}{section.3.6}% 67
\BOOKMARK [2][-]{subsection.3.6.2}{\376\377\0003\000.\0006\000.\0002\000\040\000M\000y\000D\000S\000F\000.\000c\000p\000p}{section.3.6}% 68
\BOOKMARK [1][-]{section.3.7}{\376\377\0003\000.\0007\000\040\000R\000a\000n\000d\000o\000m\000C\000i\000r\000c\000l\000e\000M\000a\000n\000a\000g\000e\000r}{chapter.3}% 69
\BOOKMARK [2][-]{subsection.3.7.1}{\376\377\0003\000.\0007\000.\0001\000\040\000R\000a\000n\000d\000o\000m\000C\000i\000r\000c\000l\000e\000M\000a\000n\000a\000g\000e\000r\000.\000h}{section.3.7}% 70
\BOOKMARK [2][-]{subsection.3.7.2}{\376\377\0003\000.\0007\000.\0002\000\040\000R\000a\000n\000d\000o\000m\000C\000i\000r\000c\000l\000e\000M\000a\000n\000a\000g\000e\000r\000.\000c\000p\000p}{section.3.7}% 71
\BOOKMARK [1][-]{section.3.8}{\376\377\0003\000.\0008\000\040\000R\000e\000s\000o\000u\000r\000c\000e\000P\000a\000t\000h}{chapter.3}% 72
\BOOKMARK [2][-]{subsection.3.8.1}{\376\377\0003\000.\0008\000.\0001\000\040\000R\000e\000s\000o\000u\000r\000c\000e\000P\000a\000t\000h\000.\000h\000p\000p}{section.3.8}% 73
\BOOKMARK [2][-]{subsection.3.8.2}{\376\377\0003\000.\0008\000.\0002\000\040\000R\000e\000s\000o\000u\000r\000c\000e\000P\000a\000t\000h\000.\000c\000p\000p}{section.3.8}% 74
\BOOKMARK [2][-]{subsection.3.8.3}{\376\377\0003\000.\0008\000.\0003\000\040\000R\000e\000s\000o\000u\000r\000c\000e\000P\000a\000t\000h\000.\000m\000m}{section.3.8}% 75
\BOOKMARK [1][-]{section.3.9}{\376\377\0003\000.\0009\000\040\000S\000y\000n\000c\000B\000o\000u\000n\000c\000i\000n\000g\000C\000i\000r\000c\000l\000e}{chapter.3}% 76
\BOOKMARK [2][-]{subsection.3.9.1}{\376\377\0003\000.\0009\000.\0001\000\040\000S\000y\000n\000c\000B\000o\000u\000n\000c\000i\000n\000g\000C\000i\000r\000c\000l\000e\000.\000h}{section.3.9}% 77
\BOOKMARK [2][-]{subsection.3.9.2}{\376\377\0003\000.\0009\000.\0002\000\040\000S\000y\000n\000c\000B\000o\000u\000n\000c\000i\000n\000g\000C\000i\000r\000c\000l\000e\000.\000c\000p\000p}{section.3.9}% 78
\BOOKMARK [1][-]{section.3.10}{\376\377\0003\000.\0001\0000\000\040\000S\000y\000n\000c\000C\000i\000r\000c\000l\000e}{chapter.3}% 79
\BOOKMARK [2][-]{subsection.3.10.1}{\376\377\0003\000.\0001\0000\000.\0001\000\040\000S\000y\000n\000c\000C\000i\000r\000c\000l\000e\000.\000h}{section.3.10}% 80
\BOOKMARK [2][-]{subsection.3.10.2}{\376\377\0003\000.\0001\0000\000.\0002\000\040\000S\000y\000n\000c\000C\000i\000r\000c\000l\000e\000.\000c\000p\000p}{section.3.10}% 81
\BOOKMARK [1][-]{section.3.11}{\376\377\0003\000.\0001\0001\000\040\000S\000y\000n\000c\000F\000l\000o\000c\000k\000i\000n\000g\000B\000o\000i\000d}{chapter.3}% 82
\BOOKMARK [2][-]{subsection.3.11.1}{\376\377\0003\000.\0001\0001\000.\0001\000\040\000S\000y\000n\000c\000F\000l\000o\000c\000k\000i\000n\000g\000B\000o\000i\000d\000.\000h}{section.3.11}% 83
\BOOKMARK [2][-]{subsection.3.11.2}{\376\377\0003\000.\0001\0001\000.\0002\000\040\000S\000y\000n\000c\000F\000l\000o\000c\000k\000i\000n\000g\000B\000o\000i\000d\000.\000c\000p\000p}{section.3.11}% 84
\BOOKMARK [1][-]{section.3.12}{\376\377\0003\000.\0001\0002\000\040\000S\000y\000n\000c\000V\000e\000c\000t\000o\000r\0003\000D}{chapter.3}% 85
\BOOKMARK [2][-]{subsection.3.12.1}{\376\377\0003\000.\0001\0002\000.\0001\000\040\000S\000y\000n\000c\000V\000e\000c\000t\000o\000r\0003\000D\000.\000h}{section.3.12}% 86
\BOOKMARK [2][-]{subsection.3.12.2}{\376\377\0003\000.\0001\0002\000.\0002\000\040\000S\000y\000n\000c\000V\000e\000c\000t\000o\000r\0003\000D\000.\000c\000p\000p}{section.3.12}% 87
\BOOKMARK [1][-]{section.3.13}{\376\377\0003\000.\0001\0003\000\040\000V\000e\000c\000t\000o\000r\0003\000D}{chapter.3}% 88
\BOOKMARK [2][-]{subsection.3.13.1}{\376\377\0003\000.\0001\0003\000.\0001\000\040\000V\000e\000c\000t\000o\000r\0003\000D\000.\000h}{section.3.13}% 89
\BOOKMARK [2][-]{subsection.3.13.2}{\376\377\0003\000.\0001\0003\000.\0002\000\040\000V\000e\000c\000t\000o\000r\0003\000D\000.\000c\000p\000p}{section.3.13}% 90
\BOOKMARK [1][-]{section.3.14}{\376\377\0003\000.\0001\0004\000\040\000m\000a\000i\000n}{chapter.3}% 91
\BOOKMARK [2][-]{subsection.3.14.1}{\376\377\0003\000.\0001\0004\000.\0001\000\040\000m\000a\000i\000n\000.\000c\000p\000p}{section.3.14}% 92
